<?xml version="1.0" encoding="UTF-8"?>
<!-- Generated by org.testng.reporters.JUnitReportReporter -->
<testsuite hostname="DESKTOP-36SNQQ6" failures="0" tests="1" name="testscripts.AddCourseTest" time="28.823" errors="0" timestamp="2024-03-18T21:36:04 IST" skipped="0">
  <testcase classname="testscripts.AddCourseTest" name="addCourseTest" time="28.823"/>
</testsuite> <!-- testscripts.AddCourseTest -->
